<?xml version="1.0" encoding="UTF-8"?>
<testng-results skipped="0" failed="0" ignored="0" total="1" passed="1">
  <reporter-output>
  </reporter-output>
  <suite name="Suite" duration-ms="24798" started-at="2022-03-26T10:12:08 IST" finished-at="2022-03-26T10:12:33 IST">
    <groups>
    </groups>
    <test name="Test" duration-ms="24798" started-at="2022-03-26T10:12:08 IST" finished-at="2022-03-26T10:12:33 IST">
      <class name="com.instarentProjectManagement.testCases.TC_LoginPage_001">
        <test-method status="PASS" signature="setup(java.lang.String)[pri:0, instance:com.instarentProjectManagement.testCases.TC_LoginPage_001@3e694b3f]" name="setup" is-config="true" duration-ms="11707" started-at="2022-03-26T10:12:08 IST" finished-at="2022-03-26T10:12:20 IST">
          <params>
            <param index="0">
              <value>
                <![CDATA[chrome]]>
              </value>
            </param>
          </params>
          <reporter-output>
          </reporter-output>
        </test-method> <!-- setup -->
        <test-method status="PASS" signature="loginTest()[pri:0, instance:com.instarentProjectManagement.testCases.TC_LoginPage_001@3e694b3f]" name="loginTest" duration-ms="12340" started-at="2022-03-26T10:12:20 IST" finished-at="2022-03-26T10:12:33 IST">
          <reporter-output>
          </reporter-output>
        </test-method> <!-- loginTest -->
        <test-method status="PASS" signature="tearDown()[pri:0, instance:com.instarentProjectManagement.testCases.TC_LoginPage_001@3e694b3f]" name="tearDown" is-config="true" duration-ms="626" started-at="2022-03-26T10:12:33 IST" finished-at="2022-03-26T10:12:33 IST">
          <reporter-output>
          </reporter-output>
        </test-method> <!-- tearDown -->
      </class> <!-- com.instarentProjectManagement.testCases.TC_LoginPage_001 -->
    </test> <!-- Test -->
  </suite> <!-- Suite -->
</testng-results>
