<?xml version="1.0" encoding="UTF-8"?>
<testng-results ignored="0" total="1" passed="1" failed="0" skipped="0">
  <reporter-output>
  </reporter-output>
  <suite started-at="2022-03-25T11:16:47 IST" name="Suite" finished-at="2022-03-25T11:17:06 IST" duration-ms="19063">
    <groups>
    </groups>
    <test started-at="2022-03-25T11:16:47 IST" name="Test" finished-at="2022-03-25T11:17:06 IST" duration-ms="19063">
      <class name="com.instarentProjectManagement.testCases.TC_LoginPage_001">
        <test-method is-config="true" signature="setup(java.lang.String)[pri:0, instance:com.instarentProjectManagement.testCases.TC_LoginPage_001@4b3a45f1]" started-at="2022-03-25T11:16:47 IST" name="setup" finished-at="2022-03-25T11:16:57 IST" duration-ms="10466" status="PASS">
          <params>
            <param index="0">
              <value>
                <![CDATA[chrome]]>
              </value>
            </param>
          </params>
          <reporter-output>
          </reporter-output>
        </test-method> <!-- setup -->
        <test-method signature="loginTest()[pri:0, instance:com.instarentProjectManagement.testCases.TC_LoginPage_001@4b3a45f1]" started-at="2022-03-25T11:16:57 IST" name="loginTest" finished-at="2022-03-25T11:17:06 IST" duration-ms="8332" status="PASS">
          <reporter-output>
          </reporter-output>
        </test-method> <!-- loginTest -->
        <test-method is-config="true" signature="tearDown()[pri:0, instance:com.instarentProjectManagement.testCases.TC_LoginPage_001@4b3a45f1]" started-at="2022-03-25T11:17:06 IST" name="tearDown" finished-at="2022-03-25T11:17:06 IST" duration-ms="130" status="PASS">
          <reporter-output>
          </reporter-output>
        </test-method> <!-- tearDown -->
      </class> <!-- com.instarentProjectManagement.testCases.TC_LoginPage_001 -->
    </test> <!-- Test -->
  </suite> <!-- Suite -->
</testng-results>
